2025-05-09 20:38:09 [ERROR] uncaughtException: Cannot find module 'helmet'
Require stack:
- C:\Users\thule\OneDrive\Desktop\Node_Js_Journey\server.js
Error: Cannot find module 'helmet'
Require stack:
- C:\Users\thule\OneDrive\Desktop\Node_Js_Journey\server.js
    at Function._resolveFilename (node:internal/modules/cjs/loader:1249:15)
    at Function._load (node:internal/modules/cjs/loader:1075:27)
    at TracingChannel.traceSync (node:diagnostics_channel:322:14)
    at wrapModuleLoad (node:internal/modules/cjs/loader:219:24)
    at Module.require (node:internal/modules/cjs/loader:1340:12)
    at require (node:internal/modules/helpers:138:16)
    at Object.<anonymous> (C:\Users\thule\OneDrive\Desktop\Node_Js_Journey\server.js:11:16)
    at Module._compile (node:internal/modules/cjs/loader:1565:14)
    at Object..js (node:internal/modules/cjs/loader:1708:10)
    at Module.load (node:internal/modules/cjs/loader:1318:32)
2025-05-09 20:38:28 [ERROR] uncaughtException: Cannot find module 'helmet'
Require stack:
- C:\Users\thule\OneDrive\Desktop\Node_Js_Journey\server.js
Error: Cannot find module 'helmet'
Require stack:
- C:\Users\thule\OneDrive\Desktop\Node_Js_Journey\server.js
    at Function._resolveFilename (node:internal/modules/cjs/loader:1249:15)
    at Function._load (node:internal/modules/cjs/loader:1075:27)
    at TracingChannel.traceSync (node:diagnostics_channel:322:14)
    at wrapModuleLoad (node:internal/modules/cjs/loader:219:24)
    at Module.require (node:internal/modules/cjs/loader:1340:12)
    at require (node:internal/modules/helpers:138:16)
    at Object.<anonymous> (C:\Users\thule\OneDrive\Desktop\Node_Js_Journey\server.js:11:16)
    at Module._compile (node:internal/modules/cjs/loader:1565:14)
    at Object..js (node:internal/modules/cjs/loader:1708:10)
    at Module.load (node:internal/modules/cjs/loader:1318:32)
2025-05-09 20:38:35 [ERROR] uncaughtException: Cannot find module 'helmet'
Require stack:
- C:\Users\thule\OneDrive\Desktop\Node_Js_Journey\server.js
Error: Cannot find module 'helmet'
Require stack:
- C:\Users\thule\OneDrive\Desktop\Node_Js_Journey\server.js
    at Function._resolveFilename (node:internal/modules/cjs/loader:1249:15)
    at Function._load (node:internal/modules/cjs/loader:1075:27)
    at TracingChannel.traceSync (node:diagnostics_channel:322:14)
    at wrapModuleLoad (node:internal/modules/cjs/loader:219:24)
    at Module.require (node:internal/modules/cjs/loader:1340:12)
    at require (node:internal/modules/helpers:138:16)
    at Object.<anonymous> (C:\Users\thule\OneDrive\Desktop\Node_Js_Journey\server.js:11:16)
    at Module._compile (node:internal/modules/cjs/loader:1565:14)
    at Object..js (node:internal/modules/cjs/loader:1708:10)
    at Module.load (node:internal/modules/cjs/loader:1318:32)
